[0.432s] Invoking command in '/home/julian/ros2_ws/build/face_recognition': PYTHONPATH=/home/julian/ros2_ws/build/face_recognition/prefix_override:/usr/lib/python3/dist-packages/colcon_core/task/python/colcon_distutils_commands:/home/julian/ros2_ws/install/face_recognition/lib/python3.10/site-packages:${PYTHONPATH} /usr/bin/python3 -W ignore:setup.py install is deprecated -W ignore:easy_install command is deprecated setup.py develop --uninstall --editable --build-directory /home/julian/ros2_ws/build/face_recognition/build
[0.622s] running develop
[0.758s] Removing /home/julian/ros2_ws/install/face_recognition/lib/python3.10/site-packages/face-recognition.egg-link (link to .)
[0.777s] Invoked command in '/home/julian/ros2_ws/build/face_recognition' returned '0': PYTHONPATH=/home/julian/ros2_ws/build/face_recognition/prefix_override:/usr/lib/python3/dist-packages/colcon_core/task/python/colcon_distutils_commands:/home/julian/ros2_ws/install/face_recognition/lib/python3.10/site-packages:${PYTHONPATH} /usr/bin/python3 -W ignore:setup.py install is deprecated -W ignore:easy_install command is deprecated setup.py develop --uninstall --editable --build-directory /home/julian/ros2_ws/build/face_recognition/build
[0.779s] Invoking command in '/home/julian/ros2_ws/src/face_recognition': PYTHONPATH=/home/julian/ros2_ws/build/face_recognition/prefix_override:/usr/lib/python3/dist-packages/colcon_core/task/python/colcon_distutils_commands:/home/julian/ros2_ws/install/face_recognition/lib/python3.10/site-packages:${PYTHONPATH} /usr/bin/python3 -W ignore:setup.py install is deprecated -W ignore:easy_install command is deprecated setup.py egg_info --egg-base ../../build/face_recognition build --build-base /home/julian/ros2_ws/build/face_recognition/build install --record /home/julian/ros2_ws/build/face_recognition/install.log --single-version-externally-managed install_data --force
[0.950s] running egg_info
[0.951s] writing ../../build/face_recognition/face_recognition.egg-info/PKG-INFO
[0.951s] writing dependency_links to ../../build/face_recognition/face_recognition.egg-info/dependency_links.txt
[0.951s] writing entry points to ../../build/face_recognition/face_recognition.egg-info/entry_points.txt
[0.951s] writing requirements to ../../build/face_recognition/face_recognition.egg-info/requires.txt
[0.951s] writing top-level names to ../../build/face_recognition/face_recognition.egg-info/top_level.txt
[0.952s] reading manifest file '../../build/face_recognition/face_recognition.egg-info/SOURCES.txt'
[0.952s] adding license file 'LICENSE'
[0.953s] writing manifest file '../../build/face_recognition/face_recognition.egg-info/SOURCES.txt'
[0.953s] running build
[0.953s] running build_py
[0.953s] creating /home/julian/ros2_ws/build/face_recognition/build
[0.953s] creating /home/julian/ros2_ws/build/face_recognition/build/lib
[0.953s] creating /home/julian/ros2_ws/build/face_recognition/build/lib/face_recognition
[0.953s] copying face_recognition/face_recognition_node.py -> /home/julian/ros2_ws/build/face_recognition/build/lib/face_recognition
[0.954s] copying face_recognition/__init__.py -> /home/julian/ros2_ws/build/face_recognition/build/lib/face_recognition
[0.954s] running install
[0.954s] running install_lib
[0.954s] creating /home/julian/ros2_ws/install/face_recognition/lib/python3.10/site-packages/face_recognition
[0.954s] copying /home/julian/ros2_ws/build/face_recognition/build/lib/face_recognition/face_recognition_node.py -> /home/julian/ros2_ws/install/face_recognition/lib/python3.10/site-packages/face_recognition
[0.954s] copying /home/julian/ros2_ws/build/face_recognition/build/lib/face_recognition/__init__.py -> /home/julian/ros2_ws/install/face_recognition/lib/python3.10/site-packages/face_recognition
[0.954s] byte-compiling /home/julian/ros2_ws/install/face_recognition/lib/python3.10/site-packages/face_recognition/face_recognition_node.py to face_recognition_node.cpython-310.pyc
[0.955s] byte-compiling /home/julian/ros2_ws/install/face_recognition/lib/python3.10/site-packages/face_recognition/__init__.py to __init__.cpython-310.pyc
[0.955s] running install_data
[0.956s] copying package.xml -> /home/julian/ros2_ws/install/face_recognition/share/face_recognition
[0.956s] copying face_recognition/models/nn4.small2.v1.t7 -> /home/julian/ros2_ws/install/face_recognition/share/face_recognition/models
[1.018s] copying face_recognition/models/deploy.prototxt -> /home/julian/ros2_ws/install/face_recognition/share/face_recognition/models
[1.019s] copying face_recognition/models/res10_300x300_ssd_iter_140000.caffemodel -> /home/julian/ros2_ws/install/face_recognition/share/face_recognition/models
[1.039s] running install_egg_info
[1.040s] Copying ../../build/face_recognition/face_recognition.egg-info to /home/julian/ros2_ws/install/face_recognition/lib/python3.10/site-packages/face_recognition-0.0.1-py3.10.egg-info
[1.041s] running install_scripts
[1.055s] Installing face_recognition script to /home/julian/ros2_ws/install/face_recognition/lib/face_recognition
[1.055s] writing list of installed files to '/home/julian/ros2_ws/build/face_recognition/install.log'
[1.070s] Invoked command in '/home/julian/ros2_ws/src/face_recognition' returned '0': PYTHONPATH=/home/julian/ros2_ws/build/face_recognition/prefix_override:/usr/lib/python3/dist-packages/colcon_core/task/python/colcon_distutils_commands:/home/julian/ros2_ws/install/face_recognition/lib/python3.10/site-packages:${PYTHONPATH} /usr/bin/python3 -W ignore:setup.py install is deprecated -W ignore:easy_install command is deprecated setup.py egg_info --egg-base ../../build/face_recognition build --build-base /home/julian/ros2_ws/build/face_recognition/build install --record /home/julian/ros2_ws/build/face_recognition/install.log --single-version-externally-managed install_data --force
