[0.461s] Invoking command in '/home/julian/ros2_ws/src/node_object_detection': PYTHONPATH=/home/julian/ros2_ws/build/node_object_detection/prefix_override:/usr/lib/python3/dist-packages/colcon_core/task/python/colcon_distutils_commands:/home/julian/ros2_ws/install/node_object_detection/lib/python3.10/site-packages:${PYTHONPATH} /usr/bin/python3 -W ignore:setup.py install is deprecated -W ignore:easy_install command is deprecated setup.py egg_info --egg-base ../../build/node_object_detection build --build-base /home/julian/ros2_ws/build/node_object_detection/build install --record /home/julian/ros2_ws/build/node_object_detection/install.log --single-version-externally-managed install_data
[0.650s] running egg_info
[0.650s] creating ../../build/node_object_detection/node_object_detection.egg-info
[0.650s] writing ../../build/node_object_detection/node_object_detection.egg-info/PKG-INFO
[0.650s] writing dependency_links to ../../build/node_object_detection/node_object_detection.egg-info/dependency_links.txt
[0.651s] writing entry points to ../../build/node_object_detection/node_object_detection.egg-info/entry_points.txt
[0.651s] writing requirements to ../../build/node_object_detection/node_object_detection.egg-info/requires.txt
[0.651s] writing top-level names to ../../build/node_object_detection/node_object_detection.egg-info/top_level.txt
[0.651s] writing manifest file '../../build/node_object_detection/node_object_detection.egg-info/SOURCES.txt'
[0.652s] reading manifest file '../../build/node_object_detection/node_object_detection.egg-info/SOURCES.txt'
[0.652s] writing manifest file '../../build/node_object_detection/node_object_detection.egg-info/SOURCES.txt'
[0.653s] running build
[0.653s] running build_py
[0.653s] creating /home/julian/ros2_ws/build/node_object_detection/build
[0.653s] creating /home/julian/ros2_ws/build/node_object_detection/build/lib
[0.653s] creating /home/julian/ros2_ws/build/node_object_detection/build/lib/node_object_detection
[0.653s] copying node_object_detection/detector.py -> /home/julian/ros2_ws/build/node_object_detection/build/lib/node_object_detection
[0.653s] copying node_object_detection/__init__.py -> /home/julian/ros2_ws/build/node_object_detection/build/lib/node_object_detection
[0.653s] running install
[0.654s] running install_lib
[0.654s] creating /home/julian/ros2_ws/install/node_object_detection/lib/python3.10/site-packages/node_object_detection
[0.654s] copying /home/julian/ros2_ws/build/node_object_detection/build/lib/node_object_detection/detector.py -> /home/julian/ros2_ws/install/node_object_detection/lib/python3.10/site-packages/node_object_detection
[0.654s] copying /home/julian/ros2_ws/build/node_object_detection/build/lib/node_object_detection/__init__.py -> /home/julian/ros2_ws/install/node_object_detection/lib/python3.10/site-packages/node_object_detection
[0.654s] byte-compiling /home/julian/ros2_ws/install/node_object_detection/lib/python3.10/site-packages/node_object_detection/detector.py to detector.cpython-310.pyc
[0.655s] byte-compiling /home/julian/ros2_ws/install/node_object_detection/lib/python3.10/site-packages/node_object_detection/__init__.py to __init__.cpython-310.pyc
[0.655s] running install_data
[0.655s] creating /home/julian/ros2_ws/install/node_object_detection/share/ament_index
[0.655s] creating /home/julian/ros2_ws/install/node_object_detection/share/ament_index/resource_index
[0.655s] creating /home/julian/ros2_ws/install/node_object_detection/share/ament_index/resource_index/packages
[0.655s] copying resource/node_object_detection -> /home/julian/ros2_ws/install/node_object_detection/share/ament_index/resource_index/packages
[0.655s] copying package.xml -> /home/julian/ros2_ws/install/node_object_detection/share/node_object_detection
[0.655s] running install_egg_info
[0.656s] Copying ../../build/node_object_detection/node_object_detection.egg-info to /home/julian/ros2_ws/install/node_object_detection/lib/python3.10/site-packages/node_object_detection-0.0.0-py3.10.egg-info
[0.657s] running install_scripts
[0.672s] Installing detector script to /home/julian/ros2_ws/install/node_object_detection/lib/node_object_detection
[0.672s] writing list of installed files to '/home/julian/ros2_ws/build/node_object_detection/install.log'
[0.688s] Invoked command in '/home/julian/ros2_ws/src/node_object_detection' returned '0': PYTHONPATH=/home/julian/ros2_ws/build/node_object_detection/prefix_override:/usr/lib/python3/dist-packages/colcon_core/task/python/colcon_distutils_commands:/home/julian/ros2_ws/install/node_object_detection/lib/python3.10/site-packages:${PYTHONPATH} /usr/bin/python3 -W ignore:setup.py install is deprecated -W ignore:easy_install command is deprecated setup.py egg_info --egg-base ../../build/node_object_detection build --build-base /home/julian/ros2_ws/build/node_object_detection/build install --record /home/julian/ros2_ws/build/node_object_detection/install.log --single-version-externally-managed install_data
