running egg_info
writing ../../build/face_recognition/face_recognition.egg-info/PKG-INFO
writing dependency_links to ../../build/face_recognition/face_recognition.egg-info/dependency_links.txt
writing entry points to ../../build/face_recognition/face_recognition.egg-info/entry_points.txt
writing requirements to ../../build/face_recognition/face_recognition.egg-info/requires.txt
writing top-level names to ../../build/face_recognition/face_recognition.egg-info/top_level.txt
reading manifest file '../../build/face_recognition/face_recognition.egg-info/SOURCES.txt'
adding license file 'LICENSE'
writing manifest file '../../build/face_recognition/face_recognition.egg-info/SOURCES.txt'
running build
running build_py
copying face_recognition/face_recognition_node.py -> /home/julian/ros2_ws/build/face_recognition/build/lib/face_recognition
running install
running install_lib
copying /home/julian/ros2_ws/build/face_recognition/build/lib/face_recognition/face_recognition_node.py -> /home/julian/ros2_ws/install/face_recognition/lib/python3.10/site-packages/face_recognition
byte-compiling /home/julian/ros2_ws/install/face_recognition/lib/python3.10/site-packages/face_recognition/face_recognition_node.py to face_recognition_node.cpython-310.pyc
running install_data
running install_egg_info
removing '/home/julian/ros2_ws/install/face_recognition/lib/python3.10/site-packages/face_recognition-0.0.1-py3.10.egg-info' (and everything under it)
Copying ../../build/face_recognition/face_recognition.egg-info to /home/julian/ros2_ws/install/face_recognition/lib/python3.10/site-packages/face_recognition-0.0.1-py3.10.egg-info
running install_scripts
Installing face_recognition script to /home/julian/ros2_ws/install/face_recognition/lib/face_recognition
writing list of installed files to '/home/julian/ros2_ws/build/face_recognition/install.log'
