[0.426s] Invoking command in '/home/julian/ros2_ws/src/face_recognition': PYTHONPATH=/home/julian/ros2_ws/build/face_recognition/prefix_override:/usr/lib/python3/dist-packages/colcon_core/task/python/colcon_distutils_commands:/home/julian/ros2_ws/install/face_recognition/lib/python3.10/site-packages:${PYTHONPATH} /usr/bin/python3 -W ignore:setup.py install is deprecated -W ignore:easy_install command is deprecated setup.py egg_info --egg-base ../../build/face_recognition build --build-base /home/julian/ros2_ws/build/face_recognition/build install --record /home/julian/ros2_ws/build/face_recognition/install.log --single-version-externally-managed install_data
[0.602s] running egg_info
[0.602s] writing ../../build/face_recognition/face_recognition.egg-info/PKG-INFO
[0.602s] writing dependency_links to ../../build/face_recognition/face_recognition.egg-info/dependency_links.txt
[0.602s] writing entry points to ../../build/face_recognition/face_recognition.egg-info/entry_points.txt
[0.603s] writing requirements to ../../build/face_recognition/face_recognition.egg-info/requires.txt
[0.603s] writing top-level names to ../../build/face_recognition/face_recognition.egg-info/top_level.txt
[0.604s] reading manifest file '../../build/face_recognition/face_recognition.egg-info/SOURCES.txt'
[0.604s] adding license file 'LICENSE'
[0.604s] writing manifest file '../../build/face_recognition/face_recognition.egg-info/SOURCES.txt'
[0.604s] running build
[0.605s] running build_py
[0.605s] copying face_recognition/face_recognition_node.py -> /home/julian/ros2_ws/build/face_recognition/build/lib/face_recognition
[0.605s] running install
[0.605s] running install_lib
[0.605s] copying /home/julian/ros2_ws/build/face_recognition/build/lib/face_recognition/face_recognition_node.py -> /home/julian/ros2_ws/install/face_recognition/lib/python3.10/site-packages/face_recognition
[0.606s] byte-compiling /home/julian/ros2_ws/install/face_recognition/lib/python3.10/site-packages/face_recognition/face_recognition_node.py to face_recognition_node.cpython-310.pyc
[0.607s] running install_data
[0.607s] running install_egg_info
[0.608s] removing '/home/julian/ros2_ws/install/face_recognition/lib/python3.10/site-packages/face_recognition-0.0.1-py3.10.egg-info' (and everything under it)
[0.608s] Copying ../../build/face_recognition/face_recognition.egg-info to /home/julian/ros2_ws/install/face_recognition/lib/python3.10/site-packages/face_recognition-0.0.1-py3.10.egg-info
[0.609s] running install_scripts
[0.623s] Installing face_recognition script to /home/julian/ros2_ws/install/face_recognition/lib/face_recognition
[0.623s] writing list of installed files to '/home/julian/ros2_ws/build/face_recognition/install.log'
[0.639s] Invoked command in '/home/julian/ros2_ws/src/face_recognition' returned '0': PYTHONPATH=/home/julian/ros2_ws/build/face_recognition/prefix_override:/usr/lib/python3/dist-packages/colcon_core/task/python/colcon_distutils_commands:/home/julian/ros2_ws/install/face_recognition/lib/python3.10/site-packages:${PYTHONPATH} /usr/bin/python3 -W ignore:setup.py install is deprecated -W ignore:easy_install command is deprecated setup.py egg_info --egg-base ../../build/face_recognition build --build-base /home/julian/ros2_ws/build/face_recognition/build install --record /home/julian/ros2_ws/build/face_recognition/install.log --single-version-externally-managed install_data
