[0.477s] Invoking command in '/home/julian/ros2_ws/src/node_pose_simulation': PYTHONPATH=/home/julian/ros2_ws/build/node_pose_simulation/prefix_override:/usr/lib/python3/dist-packages/colcon_core/task/python/colcon_distutils_commands:/home/julian/ros2_ws/install/node_pose_simulation/lib/python3.10/site-packages:${PYTHONPATH} /usr/bin/python3 -W ignore:setup.py install is deprecated -W ignore:easy_install command is deprecated setup.py egg_info --egg-base ../../build/node_pose_simulation build --build-base /home/julian/ros2_ws/build/node_pose_simulation/build install --record /home/julian/ros2_ws/build/node_pose_simulation/install.log --single-version-externally-managed install_data
[0.659s] running egg_info
[0.659s] creating ../../build/node_pose_simulation/node_pose_simulation.egg-info
[0.660s] writing ../../build/node_pose_simulation/node_pose_simulation.egg-info/PKG-INFO
[0.660s] writing dependency_links to ../../build/node_pose_simulation/node_pose_simulation.egg-info/dependency_links.txt
[0.660s] writing entry points to ../../build/node_pose_simulation/node_pose_simulation.egg-info/entry_points.txt
[0.660s] writing requirements to ../../build/node_pose_simulation/node_pose_simulation.egg-info/requires.txt
[0.660s] writing top-level names to ../../build/node_pose_simulation/node_pose_simulation.egg-info/top_level.txt
[0.660s] writing manifest file '../../build/node_pose_simulation/node_pose_simulation.egg-info/SOURCES.txt'
[0.661s] reading manifest file '../../build/node_pose_simulation/node_pose_simulation.egg-info/SOURCES.txt'
[0.662s] writing manifest file '../../build/node_pose_simulation/node_pose_simulation.egg-info/SOURCES.txt'
[0.662s] running build
[0.662s] running build_py
[0.662s] creating /home/julian/ros2_ws/build/node_pose_simulation/build
[0.662s] creating /home/julian/ros2_ws/build/node_pose_simulation/build/lib
[0.662s] creating /home/julian/ros2_ws/build/node_pose_simulation/build/lib/node_pose_simulation
[0.662s] copying node_pose_simulation/simulator.py -> /home/julian/ros2_ws/build/node_pose_simulation/build/lib/node_pose_simulation
[0.662s] copying node_pose_simulation/__init__.py -> /home/julian/ros2_ws/build/node_pose_simulation/build/lib/node_pose_simulation
[0.662s] running install
[0.663s] running install_lib
[0.663s] creating /home/julian/ros2_ws/install/node_pose_simulation/lib/python3.10/site-packages/node_pose_simulation
[0.663s] copying /home/julian/ros2_ws/build/node_pose_simulation/build/lib/node_pose_simulation/simulator.py -> /home/julian/ros2_ws/install/node_pose_simulation/lib/python3.10/site-packages/node_pose_simulation
[0.663s] copying /home/julian/ros2_ws/build/node_pose_simulation/build/lib/node_pose_simulation/__init__.py -> /home/julian/ros2_ws/install/node_pose_simulation/lib/python3.10/site-packages/node_pose_simulation
[0.663s] byte-compiling /home/julian/ros2_ws/install/node_pose_simulation/lib/python3.10/site-packages/node_pose_simulation/simulator.py to simulator.cpython-310.pyc
[0.664s] byte-compiling /home/julian/ros2_ws/install/node_pose_simulation/lib/python3.10/site-packages/node_pose_simulation/__init__.py to __init__.cpython-310.pyc
[0.664s] running install_data
[0.664s] creating /home/julian/ros2_ws/install/node_pose_simulation/share/ament_index
[0.664s] creating /home/julian/ros2_ws/install/node_pose_simulation/share/ament_index/resource_index
[0.664s] creating /home/julian/ros2_ws/install/node_pose_simulation/share/ament_index/resource_index/packages
[0.664s] copying resource/node_pose_simulation -> /home/julian/ros2_ws/install/node_pose_simulation/share/ament_index/resource_index/packages
[0.664s] copying package.xml -> /home/julian/ros2_ws/install/node_pose_simulation/share/node_pose_simulation
[0.664s] running install_egg_info
[0.665s] Copying ../../build/node_pose_simulation/node_pose_simulation.egg-info to /home/julian/ros2_ws/install/node_pose_simulation/lib/python3.10/site-packages/node_pose_simulation-0.0.0-py3.10.egg-info
[0.666s] running install_scripts
[0.680s] Installing simulator script to /home/julian/ros2_ws/install/node_pose_simulation/lib/node_pose_simulation
[0.681s] writing list of installed files to '/home/julian/ros2_ws/build/node_pose_simulation/install.log'
[0.697s] Invoked command in '/home/julian/ros2_ws/src/node_pose_simulation' returned '0': PYTHONPATH=/home/julian/ros2_ws/build/node_pose_simulation/prefix_override:/usr/lib/python3/dist-packages/colcon_core/task/python/colcon_distutils_commands:/home/julian/ros2_ws/install/node_pose_simulation/lib/python3.10/site-packages:${PYTHONPATH} /usr/bin/python3 -W ignore:setup.py install is deprecated -W ignore:easy_install command is deprecated setup.py egg_info --egg-base ../../build/node_pose_simulation build --build-base /home/julian/ros2_ws/build/node_pose_simulation/build install --record /home/julian/ros2_ws/build/node_pose_simulation/install.log --single-version-externally-managed install_data
